******************************
2019-07-15 13:58:28 下午
INFORMATION
中文可以🐎
-END-
******************************
******************************
2019-07-15 13:58:28 下午
WARNING
警告⚠️
-END-
******************************
******************************
2019-07-15 13:58:28 下午
ERROR
错误🙅
-END-
******************************
******************************
2019-07-15 14:54:33 下午
INFORMATION
DONE,cost -390without buffer
-END-
******************************
******************************
2019-07-15 14:54:51 下午
INFORMATION
DONE,cost 390without buffer
-END-
******************************
******************************
2019-07-15 14:56:43 下午
INFORMATION
DONE,cost 408 without buffer
-END-
******************************
******************************
2019-07-15 14:56:43 下午
INFORMATION
DONE,cost 16 with buffer
-END-
******************************
******************************
2019-07-15 15:28:44 下午
INFORMATION
DONE,cost 417 without buffer
-END-
******************************
******************************
2019-07-15 15:28:45 下午
INFORMATION
DONE,cost 17 with buffer
-END-
******************************
******************************
2019-07-15 16:08:46 下午
INFORMATION
DONE,cost 389 without buffer
-END-
******************************
******************************
2019-07-15 16:08:46 下午
INFORMATION
DONE,cost 15 with buffer
-END-
******************************
******************************
2019-07-15 16:14:13 下午
INFORMATION
DONE,cost 355 without buffer
-END-
******************************
******************************
2019-07-15 16:14:13 下午
INFORMATION
DONE,cost 15 with buffer
-END-
******************************
